<?xml version="1.0" encoding="UTF-8"?>
<!-- Generated by org.testng.reporters.JUnitXMLReporter -->
<testsuite hostname="DESKTOP-9K23MF9" name="Automation" tests="3" failures="0" timestamp="5 Sep 2020 14:36:47 GMT" time="56.348" errors="0">
  <testcase name="SearchCity" time="0.165" classname="TestScripts.TestCase03"/>
  <testcase name="clickRoundTrip" time="0.269" classname="TestScripts.TestCase02"/>
  <testcase name="invalidLogin" time="3.03" classname="TestScripts.TestCase01"/>
</testsuite> <!-- Automation -->
