<?xml version="1.0" encoding="UTF-8"?>
<!-- Generated by org.testng.reporters.JUnitXMLReporter -->
<testsuite hostname="DESKTOP-9K23MF9" name="Test" tests="3" failures="2" timestamp="5 Sep 2020 14:30:03 GMT" time="19.601" errors="0">
  <testcase name="SearchCity" time="0.193" classname="TestScripts.TestCase03"/>
  <testcase name="clickRoundTrip" time="0.002" classname="TestScripts.TestCase02">
    <failure type="java.lang.NullPointerException">
      <![CDATA[java.lang.NullPointerException
	at com.google.common.base.Preconditions.checkNotNull(Preconditions.java:882)
	at org.openqa.selenium.support.ui.FluentWait.<init>(FluentWait.java:104)
	at org.openqa.selenium.support.ui.WebDriverWait.<init>(WebDriverWait.java:71)
	at org.openqa.selenium.support.ui.WebDriverWait.<init>(WebDriverWait.java:45)
	at pageFactory.HomePage.<init>(HomePage.java:18)
	at TestScripts.TestCase02.clickRoundTrip(TestCase02.java:11)
... Removed 25 stack frames]]>
    </failure>
  </testcase> <!-- clickRoundTrip -->
  <testcase name="invalidLogin" time="0.0" classname="TestScripts.TestCase01">
    <failure type="java.lang.NullPointerException">
      <![CDATA[java.lang.NullPointerException
	at com.google.common.base.Preconditions.checkNotNull(Preconditions.java:882)
	at org.openqa.selenium.support.ui.FluentWait.<init>(FluentWait.java:104)
	at org.openqa.selenium.support.ui.WebDriverWait.<init>(WebDriverWait.java:71)
	at org.openqa.selenium.support.ui.WebDriverWait.<init>(WebDriverWait.java:45)
	at pageFactory.Login.<init>(Login.java:29)
	at TestScripts.TestCase01.invalidLogin(TestCase01.java:12)
... Removed 25 stack frames]]>
    </failure>
  </testcase> <!-- invalidLogin -->
</testsuite> <!-- Test -->
