<?xml version="1.0" encoding="UTF-8"?>
<!-- Generated by org.testng.reporters.JUnitXMLReporter -->
<testsuite hostname="DESKTOP-9K23MF9" name="Command line test" tests="2" failures="0" timestamp="2 Sep 2020 08:14:47 GMT" time="0.18" errors="0">
  <testcase name="@BeforeTest launchBrowser" time="0.0" classname="testing.NewTest">
    <failure type="java.lang.IllegalStateException" message="The path to the driver executable must be set by the webdriver.gecko.driver system property; for more information, see https://github.com/mozilla/geckodriver. The latest version can be downloaded from https://github.com/mozilla/geckodriver/releases">
      <![CDATA[java.lang.IllegalStateException: The path to the driver executable must be set by the webdriver.gecko.driver system property; for more information, see https://github.com/mozilla/geckodriver. The latest version can be downloaded from https://github.com/mozilla/geckodriver/releases
	at com.google.common.base.Preconditions.checkState(Preconditions.java:847)
	at org.openqa.selenium.remote.service.DriverService.findExecutable(DriverService.java:124)
	at org.openqa.selenium.firefox.GeckoDriverService.access$100(GeckoDriverService.java:42)
	at org.openqa.selenium.firefox.GeckoDriverService$Builder.findDefaultExecutable(GeckoDriverService.java:143)
	at org.openqa.selenium.remote.service.DriverService$Builder.build(DriverService.java:335)
	at org.openqa.selenium.firefox.FirefoxDriver.toExecutor(FirefoxDriver.java:168)
	at org.openqa.selenium.firefox.FirefoxDriver.<init>(FirefoxDriver.java:125)
	at org.openqa.selenium.firefox.FirefoxDriver.<init>(FirefoxDriver.java:103)
	at testing.NewTest.launchBrowser(NewTest.java:19)
	at runner.TestRunner.main(TestRunner.java:15)
... Removed 20 stack frames]]>
    </failure>
  </testcase> <!-- @BeforeTest launchBrowser -->
  <testcase name="@BeforeTest launchBrowser" time="0.0" classname="testing.NewTest">
    <skipped/>
  </testcase> <!-- @BeforeTest launchBrowser -->
  <testcase name="@AfterTest terminateBrowser" time="0.0" classname="testing.NewTest">
    <skipped/>
  </testcase> <!-- @AfterTest terminateBrowser -->
  <testcase name="@AfterTest terminateBrowser" time="0.0" classname="testing.NewTest">
    <skipped/>
  </testcase> <!-- @AfterTest terminateBrowser -->
  <testcase name="verifyHomepageTitle" time="0.0" classname="testing.NewTest">
    <skipped/>
  </testcase> <!-- verifyHomepageTitle -->
  <testcase name="verifyHomepageTitle" time="0.0" classname="testing.SecondTC">
    <skipped/>
  </testcase> <!-- verifyHomepageTitle -->
</testsuite> <!-- Command line test -->
