<?xml version="1.0" encoding="UTF-8"?>
<testng-results skipped="0" failed="1" total="3" passed="2">
  <reporter-output>
  </reporter-output>
  <suite name="SmokeSuite" duration-ms="30471" started-at="2020-09-05T15:00:22Z" finished-at="2020-09-05T15:00:52Z">
    <groups>
    </groups>
    <test name="Login Testcase02" duration-ms="15594" started-at="2020-09-05T15:00:22Z" finished-at="2020-09-05T15:00:37Z">
      <class name="TestScripts.TestCase02">
        <test-method status="PASS" signature="setup()[pri:0, instance:TestScripts.TestCase02@604ed9f0]" name="setup" is-config="true" duration-ms="14634" started-at="2020-09-05T20:30:22Z" finished-at="2020-09-05T20:30:36Z">
          <reporter-output>
          </reporter-output>
        </test-method> <!-- setup -->
        <test-method status="PASS" signature="clickRoundTrip()[pri:0, instance:TestScripts.TestCase02@604ed9f0]" name="clickRoundTrip" duration-ms="811" started-at="2020-09-05T20:30:36Z" finished-at="2020-09-05T20:30:37Z">
          <reporter-output>
          </reporter-output>
        </test-method> <!-- clickRoundTrip -->
        <test-method status="PASS" signature="quit()[pri:0, instance:TestScripts.TestCase02@604ed9f0]" name="quit" is-config="true" duration-ms="145" started-at="2020-09-05T20:30:37Z" finished-at="2020-09-05T20:30:37Z">
          <reporter-output>
          </reporter-output>
        </test-method> <!-- quit -->
      </class> <!-- TestScripts.TestCase02 -->
    </test> <!-- Login Testcase02 -->
    <test name="Login Testcase03" duration-ms="19547" started-at="2020-09-05T15:00:22Z" finished-at="2020-09-05T15:00:41Z">
      <class name="TestScripts.TestCase03">
        <test-method status="PASS" signature="setup()[pri:0, instance:TestScripts.TestCase03@4883b407]" name="setup" is-config="true" duration-ms="14588" started-at="2020-09-05T20:30:22Z" finished-at="2020-09-05T20:30:36Z">
          <reporter-output>
          </reporter-output>
        </test-method> <!-- setup -->
        <test-method status="PASS" signature="SearchCity()[pri:0, instance:TestScripts.TestCase03@4883b407]" name="SearchCity" duration-ms="604" started-at="2020-09-05T20:30:36Z" finished-at="2020-09-05T20:30:37Z">
          <reporter-output>
          </reporter-output>
        </test-method> <!-- SearchCity -->
        <test-method status="PASS" signature="quit()[pri:0, instance:TestScripts.TestCase03@4883b407]" name="quit" is-config="true" duration-ms="4341" started-at="2020-09-05T20:30:37Z" finished-at="2020-09-05T20:30:41Z">
          <reporter-output>
          </reporter-output>
        </test-method> <!-- quit -->
      </class> <!-- TestScripts.TestCase03 -->
    </test> <!-- Login Testcase03 -->
    <test name="Login Testcase01" duration-ms="30471" started-at="2020-09-05T15:00:22Z" finished-at="2020-09-05T15:00:52Z">
      <class name="TestScripts.TestCase01">
        <test-method status="PASS" signature="setup()[pri:0, instance:TestScripts.TestCase01@14acaea5]" name="setup" is-config="true" duration-ms="14713" started-at="2020-09-05T20:30:22Z" finished-at="2020-09-05T20:30:36Z">
          <reporter-output>
          </reporter-output>
        </test-method> <!-- setup -->
        <test-method status="FAIL" signature="invalidLogin()[pri:0, instance:TestScripts.TestCase01@14acaea5]" name="invalidLogin" duration-ms="11428" started-at="2020-09-05T20:30:36Z" finished-at="2020-09-05T20:30:48Z">
          <exception class="org.openqa.selenium.ElementNotVisibleException">
            <message>
              <![CDATA[element not interactable
  (Session info: chrome=84.0.4147.135)
  (Driver info: chromedriver=2.44.609538 (b655c5a60b0b544917107a59d4153d4bf78e1b90),platform=Windows NT 10.0.18363 x86_64) (WARNING: The server did not provide any stacktrace information)
Command duration or timeout: 0 milliseconds
Build info: version: '3.12.0', revision: '7c6e0b3', time: '2018-05-08T14:04:26.12Z'
System info: host: 'DESKTOP-9K23MF9', ip: '192.168.0.110', os.name: 'Windows 10', os.arch: 'amd64', os.version: '10.0', java.version: '1.8.0_241'
Driver info: org.openqa.selenium.chrome.ChromeDriver
Capabilities {acceptInsecureCerts: false, acceptSslCerts: false, applicationCacheEnabled: false, browserConnectionEnabled: false, browserName: chrome, chrome: {chromedriverVersion: 2.44.609538 (b655c5a60b0b54..., userDataDir: C:\Users\Computer\AppData\L...}, cssSelectorsEnabled: true, databaseEnabled: false, goog:chromeOptions: {debuggerAddress: localhost:54881}, handlesAlerts: true, hasTouchScreen: false, javascriptEnabled: true, locationContextEnabled: true, mobileEmulationEnabled: false, nativeEvents: true, networkConnectionEnabled: false, pageLoadStrategy: normal, platform: XP, platformName: XP, rotatable: false, setWindowRect: true, takesHeapSnapshot: true, takesScreenshot: true, unexpectedAlertBehaviour: ignore, unhandledPromptBehavior: ignore, version: 84.0.4147.135, webStorageEnabled: true}
Session ID: 8a4178bb0df6c3d2295d18ae01b84b0b]]>
            </message>
            <full-stacktrace>
              <![CDATA[org.openqa.selenium.ElementNotVisibleException: element not interactable
  (Session info: chrome=84.0.4147.135)
  (Driver info: chromedriver=2.44.609538 (b655c5a60b0b544917107a59d4153d4bf78e1b90),platform=Windows NT 10.0.18363 x86_64) (WARNING: The server did not provide any stacktrace information)
Command duration or timeout: 0 milliseconds
Build info: version: '3.12.0', revision: '7c6e0b3', time: '2018-05-08T14:04:26.12Z'
System info: host: 'DESKTOP-9K23MF9', ip: '192.168.0.110', os.name: 'Windows 10', os.arch: 'amd64', os.version: '10.0', java.version: '1.8.0_241'
Driver info: org.openqa.selenium.chrome.ChromeDriver
Capabilities {acceptInsecureCerts: false, acceptSslCerts: false, applicationCacheEnabled: false, browserConnectionEnabled: false, browserName: chrome, chrome: {chromedriverVersion: 2.44.609538 (b655c5a60b0b54..., userDataDir: C:\Users\Computer\AppData\L...}, cssSelectorsEnabled: true, databaseEnabled: false, goog:chromeOptions: {debuggerAddress: localhost:54881}, handlesAlerts: true, hasTouchScreen: false, javascriptEnabled: true, locationContextEnabled: true, mobileEmulationEnabled: false, nativeEvents: true, networkConnectionEnabled: false, pageLoadStrategy: normal, platform: XP, platformName: XP, rotatable: false, setWindowRect: true, takesHeapSnapshot: true, takesScreenshot: true, unexpectedAlertBehaviour: ignore, unhandledPromptBehavior: ignore, version: 84.0.4147.135, webStorageEnabled: true}
Session ID: 8a4178bb0df6c3d2295d18ae01b84b0b
	at sun.reflect.NativeConstructorAccessorImpl.newInstance0(Native Method)
	at sun.reflect.NativeConstructorAccessorImpl.newInstance(Unknown Source)
	at sun.reflect.DelegatingConstructorAccessorImpl.newInstance(Unknown Source)
	at java.lang.reflect.Constructor.newInstance(Unknown Source)
	at org.openqa.selenium.remote.ErrorHandler.createThrowable(ErrorHandler.java:214)
	at org.openqa.selenium.remote.ErrorHandler.throwIfResponseFailed(ErrorHandler.java:166)
	at org.openqa.selenium.remote.http.JsonHttpResponseCodec.reconstructValue(JsonHttpResponseCodec.java:40)
	at org.openqa.selenium.remote.http.AbstractHttpResponseCodec.decode(AbstractHttpResponseCodec.java:80)
	at org.openqa.selenium.remote.http.AbstractHttpResponseCodec.decode(AbstractHttpResponseCodec.java:44)
	at org.openqa.selenium.remote.HttpCommandExecutor.execute(HttpCommandExecutor.java:158)
	at org.openqa.selenium.remote.service.DriverCommandExecutor.execute(DriverCommandExecutor.java:83)
	at org.openqa.selenium.remote.RemoteWebDriver.execute(RemoteWebDriver.java:543)
	at org.openqa.selenium.remote.RemoteWebElement.execute(RemoteWebElement.java:276)
	at org.openqa.selenium.remote.RemoteWebElement.click(RemoteWebElement.java:83)
	at sun.reflect.NativeMethodAccessorImpl.invoke0(Native Method)
	at sun.reflect.NativeMethodAccessorImpl.invoke(Unknown Source)
	at sun.reflect.DelegatingMethodAccessorImpl.invoke(Unknown Source)
	at java.lang.reflect.Method.invoke(Unknown Source)
	at org.openqa.selenium.support.pagefactory.internal.LocatingElementHandler.invoke(LocatingElementHandler.java:51)
	at com.sun.proxy.$Proxy9.click(Unknown Source)
	at pageFactory.Login.clickLoginButton(Login.java:43)
	at TestScripts.TestCase01.invalidLogin(TestCase01.java:13)
	at sun.reflect.NativeMethodAccessorImpl.invoke0(Native Method)
	at sun.reflect.NativeMethodAccessorImpl.invoke(Unknown Source)
	at sun.reflect.DelegatingMethodAccessorImpl.invoke(Unknown Source)
	at java.lang.reflect.Method.invoke(Unknown Source)
	at org.testng.internal.MethodInvocationHelper.invokeMethod(MethodInvocationHelper.java:100)
	at org.testng.internal.Invoker.invokeMethod(Invoker.java:646)
	at org.testng.internal.Invoker.invokeTestMethod(Invoker.java:811)
	at org.testng.internal.Invoker.invokeTestMethods(Invoker.java:1137)
	at org.testng.internal.TestMethodWorker.invokeTestMethods(TestMethodWorker.java:129)
	at org.testng.internal.TestMethodWorker.run(TestMethodWorker.java:112)
	at org.testng.TestRunner.privateRun(TestRunner.java:753)
	at org.testng.TestRunner.run(TestRunner.java:607)
	at org.testng.SuiteRunner.runTest(SuiteRunner.java:368)
	at org.testng.SuiteRunner.access$000(SuiteRunner.java:39)
	at org.testng.SuiteRunner$SuiteWorker.run(SuiteRunner.java:402)
	at org.testng.internal.thread.ThreadUtil$2.call(ThreadUtil.java:64)
	at java.util.concurrent.FutureTask.run(Unknown Source)
	at java.util.concurrent.ThreadPoolExecutor.runWorker(Unknown Source)
	at java.util.concurrent.ThreadPoolExecutor$Worker.run(Unknown Source)
	at java.lang.Thread.run(Unknown Source)
]]>
            </full-stacktrace>
          </exception> <!-- org.openqa.selenium.ElementNotVisibleException -->
          <reporter-output>
          </reporter-output>
        </test-method> <!-- invalidLogin -->
        <test-method status="PASS" signature="quit()[pri:0, instance:TestScripts.TestCase01@14acaea5]" name="quit" is-config="true" duration-ms="4324" started-at="2020-09-05T20:30:48Z" finished-at="2020-09-05T20:30:52Z">
          <reporter-output>
          </reporter-output>
        </test-method> <!-- quit -->
      </class> <!-- TestScripts.TestCase01 -->
    </test> <!-- Login Testcase01 -->
  </suite> <!-- SmokeSuite -->
</testng-results>
